
		Mon Dec 20 2021
23:26:34 OpenLink Virtuoso Universal Server
23:26:34 Version 07.20.3233-pthreads for Linux as of Jun 30 2021
23:26:34 uses OpenSSL 1.0.2n  7 Dec 2017
23:26:34 uses parts of PCRE, Html Tidy
23:26:35 SQL Optimizer enabled (max 1000 layouts)
23:26:35 Compiler unit is timed at 0.000470 msec
23:26:40 Checkpoint started
23:26:40 Roll forward started
23:26:40 Roll forward complete
23:26:41 Checkpoint started
23:26:41 Checkpoint finished, log reused
23:26:41 Checkpoint started
23:26:41 Checkpoint finished, log reused
23:26:44 Checkpoint started
23:26:44 Checkpoint finished, log reused
23:26:45 Checkpoint started
23:26:45 Checkpoint finished, log reused
23:26:46 Checkpoint started
23:26:46 Checkpoint finished, log reused
23:26:46 PL LOG: Installing Virtuoso Conductor version 1.00.8823 (DAV)
23:26:46 PL LOG: Installing with dependencies Virtuoso Conductor version 1.00.8823/2021-06-30 12:30 (DAV)
23:26:46 Checkpoint started
23:26:46 Checkpoint finished, log reused
23:26:54 Checkpoint started
23:26:54 Checkpoint finished, log reused
23:26:54 PL LOG: Installation with dependencies complete
23:26:54 Checkpoint started
23:26:54 Checkpoint finished, log reused
23:26:54 HTTP/WebDAV server online at 27015
23:26:54 Server online at 1111 (pid 21)
23:26:55 Server received signal 15
23:26:55 Initiating quick shutdown
23:26:55 Server shutdown complete

		Mon Dec 20 2021
23:26:55 OpenLink Virtuoso Universal Server
23:26:55 Version 07.20.3233-pthreads for Linux as of Jun 30 2021
23:26:55 uses OpenSSL 1.0.2n  7 Dec 2017
23:26:55 uses parts of PCRE, Html Tidy
23:26:55 Database version 3126
23:26:55 SQL Optimizer enabled (max 1000 layouts)
23:26:56 Compiler unit is timed at 0.000186 msec
23:26:57 Roll forward started
23:26:57     9 transactions, 2085 bytes replayed (100 %)
23:26:57 Roll forward complete
23:26:57 Checkpoint started
23:26:58 Checkpoint finished, log reused
23:26:58 HTTP/WebDAV server online at 8890
23:26:58 Server online at 1111 (pid 1)
23:26:59 Server received signal 15
23:26:59 Initiating quick shutdown
23:26:59 Server shutdown complete

		Mon Dec 20 2021
23:27:28 { Loading plugin 4: Type `plain', file `wikiv' in `../hosting'
23:27:28   FAILED  plugin 4: Unable to locate file }
23:27:28 { Loading plugin 5: Type `plain', file `mediawiki' in `../hosting'
23:27:28   FAILED  plugin 5: Unable to locate file }
23:27:28 { Loading plugin 6: Type `plain', file `creolewiki' in `../hosting'
23:27:28   FAILED  plugin 6: Unable to locate file }
23:27:28 { Loading plugin 7: Type `plain', file `im' in `../hosting'
23:27:28   FAILED  plugin 7: Unable to locate file }
23:27:28 { Loading plugin 8: Type `plain', file `wbxml2' in `../hosting'
23:27:28   FAILED  plugin 8: Unable to locate file }
23:27:28 { Loading plugin 9: Type `plain', file `qrcode' in `../hosting'
23:27:28   FAILED  plugin 9: Unable to locate file }
23:27:28 { Loading plugin 10: Type `Hosting', file `hosting_php.dll' in `../hosting'
23:27:28   FAILED  plugin 10: Unable to locate file }
23:27:28 OpenLink Virtuoso Universal Server
23:27:28 Version 07.20.3233-pthreads for Linux as of Jun 30 2021
23:27:28 uses OpenSSL 1.0.2n  7 Dec 2017
23:27:28 uses parts of PCRE, Html Tidy
23:27:28 Database version 3126
23:27:28 SQL Optimizer enabled (max 1000 layouts)
23:27:29 Compiler unit is timed at 0.000187 msec
23:27:30 Roll forward started
23:27:30     3 transactions, 185 bytes replayed (100 %)
23:27:30 Roll forward complete
23:27:31 PL LOG: Can't get list of vad packages in ../vad/
23:27:31 Checkpoint started
23:27:31 Checkpoint finished, log reused
23:27:31 HTTP/WebDAV server online at 8890
23:27:31 Server online at 1111 (pid 1)
